e:\dae\second year\graphics programming 1\solutions\dual_rasterizer\source\tempfiles\release\vc143.pdb
e:\dae\second year\graphics programming 1\solutions\dual_rasterizer\source\tempfiles\release\main.obj
e:\dae\second year\graphics programming 1\solutions\dual_rasterizer\source\tempfiles\release\vector4.obj
e:\dae\second year\graphics programming 1\solutions\dual_rasterizer\source\tempfiles\release\vector3.obj
e:\dae\second year\graphics programming 1\solutions\dual_rasterizer\source\tempfiles\release\vector2.obj
e:\dae\second year\graphics programming 1\solutions\dual_rasterizer\source\tempfiles\release\timer.obj
e:\dae\second year\graphics programming 1\solutions\dual_rasterizer\source\tempfiles\release\texture.obj
e:\dae\second year\graphics programming 1\solutions\dual_rasterizer\source\tempfiles\release\renderer.obj
e:\dae\second year\graphics programming 1\solutions\dual_rasterizer\source\tempfiles\release\mesh.obj
e:\dae\second year\graphics programming 1\solutions\dual_rasterizer\source\tempfiles\release\matrix.obj
e:\dae\second year\graphics programming 1\solutions\dual_rasterizer\source\tempfiles\release\effect.obj
e:\dae\second year\graphics programming 1\solutions\dual_rasterizer\source\tempfiles\release\scene.obj
e:\dae\second year\graphics programming 1\solutions\dual_rasterizer\source\tempfiles\release\directx.pch
e:\dae\second year\graphics programming 1\solutions\dual_rasterizer\source\tempfiles\release\pch.obj
e:\dae\second year\graphics programming 1\solutions\dual_rasterizer\bin\release\directx.exe
e:\dae\second year\graphics programming 1\solutions\dual_rasterizer\source\tempfiles\release\directx.ipdb
e:\dae\second year\graphics programming 1\solutions\dual_rasterizer\bin\release\directx.pdb
e:\dae\second year\graphics programming 1\solutions\dual_rasterizer\source\tempfiles\release\directx.iobj
e:\dae\second year\graphics programming 1\solutions\dual_rasterizer\source\..\bin\release\directx.pdb
e:\dae\second year\graphics programming 1\solutions\dual_rasterizer\source\tempfiles\release\directx.tlog\cl.command.1.tlog
e:\dae\second year\graphics programming 1\solutions\dual_rasterizer\source\tempfiles\release\directx.tlog\cl.read.1.tlog
e:\dae\second year\graphics programming 1\solutions\dual_rasterizer\source\tempfiles\release\directx.tlog\cl.write.1.tlog
e:\dae\second year\graphics programming 1\solutions\dual_rasterizer\source\tempfiles\release\directx.tlog\link.command.1.tlog
e:\dae\second year\graphics programming 1\solutions\dual_rasterizer\source\tempfiles\release\directx.tlog\link.read.1.tlog
e:\dae\second year\graphics programming 1\solutions\dual_rasterizer\source\tempfiles\release\directx.tlog\link.write.1.tlog
