  Renderer.cpp
  Scene.cpp
  main.cpp
  Generating code
  11 of 1245 functions ( 0.9%) were compiled, the rest were copied from previous compilation.
    1 functions were new in current compilation
    28 functions had inline decision re-evaluated but remain unchanged
  Finished generating code
dx11effects.lib(EffectAPI.obj) : warning LNK4099: PDB '' was not found with 'dx11effects.lib(EffectAPI.obj)' or at ''; linking object as if no debug info
dx11effects.lib(EffectNonRuntime.obj) : warning LNK4099: PDB '' was not found with 'dx11effects.lib(EffectNonRuntime.obj)' or at ''; linking object as if no debug info
dx11effects.lib(EffectLoad.obj) : warning LNK4099: PDB '' was not found with 'dx11effects.lib(EffectLoad.obj)' or at ''; linking object as if no debug info
dx11effects.lib(d3dxGlobal.obj) : warning LNK4099: PDB '' was not found with 'dx11effects.lib(d3dxGlobal.obj)' or at ''; linking object as if no debug info
dx11effects.lib(EffectReflection.obj) : warning LNK4099: PDB '' was not found with 'dx11effects.lib(EffectReflection.obj)' or at ''; linking object as if no debug info
dx11effects.lib(EffectRuntime.obj) : warning LNK4099: PDB '' was not found with 'dx11effects.lib(EffectRuntime.obj)' or at ''; linking object as if no debug info
  DirectX.vcxproj -> E:\DAE\Second Year\Graphics Programming 1\Solutions\Dual_Rasterizer\bin\Release\DirectX.exe
  0 File(s) copied
  0 File(s) copied
  0 File(s) copied
  0 File(s) copied
  0 File(s) copied
  0 File(s) copied
  0 File(s) copied
